Performing C SOURCE FILE Test CMAKE_HAVE_LIBC_PTHREAD failed with the following output:
Change Dir: /home/med/100daysOfCodingChallenge/p85_ReadFromDatabase/build/CMakeFiles/CMakeScratch/TryCompile-7ETlry

Run Build Command(s):/usr/bin/make -f Makefile cmTC_457e8/fast && /usr/bin/make  -f CMakeFiles/cmTC_457e8.dir/build.make CMakeFiles/cmTC_457e8.dir/build
make[1]: Entering directory '/home/med/100daysOfCodingChallenge/p85_ReadFromDatabase/build/CMakeFiles/CMakeScratch/TryCompile-7ETlry'
Building C object CMakeFiles/cmTC_457e8.dir/src.c.o
/usr/bin/cc -DCMAKE_HAVE_LIBC_PTHREAD   -o CMakeFiles/cmTC_457e8.dir/src.c.o -c /home/med/100daysOfCodingChallenge/p85_ReadFromDatabase/build/CMakeFiles/CMakeScratch/TryCompile-7ETlry/src.c
Linking C executable cmTC_457e8
/usr/bin/cmake -E cmake_link_script CMakeFiles/cmTC_457e8.dir/link.txt --verbose=1
/usr/bin/cc CMakeFiles/cmTC_457e8.dir/src.c.o -o cmTC_457e8 
/usr/bin/ld: CMakeFiles/cmTC_457e8.dir/src.c.o: in function `main':
src.c:(.text+0x46): undefined reference to `pthread_create'
/usr/bin/ld: src.c:(.text+0x52): undefined reference to `pthread_detach'
/usr/bin/ld: src.c:(.text+0x5e): undefined reference to `pthread_cancel'
/usr/bin/ld: src.c:(.text+0x6f): undefined reference to `pthread_join'
collect2: error: ld returned 1 exit status
make[1]: *** [CMakeFiles/cmTC_457e8.dir/build.make:99: cmTC_457e8] Error 1
make[1]: Leaving directory '/home/med/100daysOfCodingChallenge/p85_ReadFromDatabase/build/CMakeFiles/CMakeScratch/TryCompile-7ETlry'
make: *** [Makefile:127: cmTC_457e8/fast] Error 2


Source file was:
#include <pthread.h>

static void* test_func(void* data)
{
  return data;
}

int main(void)
{
  pthread_t thread;
  pthread_create(&thread, NULL, test_func, NULL);
  pthread_detach(thread);
  pthread_cancel(thread);
  pthread_join(thread, NULL);
  pthread_atfork(NULL, NULL, NULL);
  pthread_exit(NULL);

  return 0;
}


Determining if the function pthread_create exists in the pthreads failed with the following output:
Change Dir: /home/med/100daysOfCodingChallenge/p85_ReadFromDatabase/build/CMakeFiles/CMakeScratch/TryCompile-7hSnEA

Run Build Command(s):/usr/bin/make -f Makefile cmTC_0e80e/fast && /usr/bin/make  -f CMakeFiles/cmTC_0e80e.dir/build.make CMakeFiles/cmTC_0e80e.dir/build
make[1]: Entering directory '/home/med/100daysOfCodingChallenge/p85_ReadFromDatabase/build/CMakeFiles/CMakeScratch/TryCompile-7hSnEA'
Building CXX object CMakeFiles/cmTC_0e80e.dir/CheckFunctionExists.cxx.o
/usr/bin/c++   -DCHECK_FUNCTION_EXISTS=pthread_create -o CMakeFiles/cmTC_0e80e.dir/CheckFunctionExists.cxx.o -c /home/med/100daysOfCodingChallenge/p85_ReadFromDatabase/build/CMakeFiles/CMakeScratch/TryCompile-7hSnEA/CheckFunctionExists.cxx
Linking CXX executable cmTC_0e80e
/usr/bin/cmake -E cmake_link_script CMakeFiles/cmTC_0e80e.dir/link.txt --verbose=1
/usr/bin/c++  -DCHECK_FUNCTION_EXISTS=pthread_create CMakeFiles/cmTC_0e80e.dir/CheckFunctionExists.cxx.o -o cmTC_0e80e  -lpthreads 
/usr/bin/ld: cannot find -lpthreads
collect2: error: ld returned 1 exit status
make[1]: *** [CMakeFiles/cmTC_0e80e.dir/build.make:99: cmTC_0e80e] Error 1
make[1]: Leaving directory '/home/med/100daysOfCodingChallenge/p85_ReadFromDatabase/build/CMakeFiles/CMakeScratch/TryCompile-7hSnEA'
make: *** [Makefile:127: cmTC_0e80e/fast] Error 2



