Performing C++ SOURCE FILE Test CMAKE_HAVE_LIBC_PTHREAD failed with the following output:
Change Dir: /home/med/100daysOfCodingChallenge/p62_parallelMinMax/build/CMakeFiles/CMakeScratch/TryCompile-mp0jW6

Run Build Command(s):/usr/bin/make -f Makefile cmTC_88409/fast && /usr/bin/make  -f CMakeFiles/cmTC_88409.dir/build.make CMakeFiles/cmTC_88409.dir/build
make[1]: Entering directory '/home/med/100daysOfCodingChallenge/p62_parallelMinMax/build/CMakeFiles/CMakeScratch/TryCompile-mp0jW6'
Building CXX object CMakeFiles/cmTC_88409.dir/src.cxx.o
/usr/bin/c++ -DCMAKE_HAVE_LIBC_PTHREAD  -std=gnu++17 -o CMakeFiles/cmTC_88409.dir/src.cxx.o -c /home/med/100daysOfCodingChallenge/p62_parallelMinMax/build/CMakeFiles/CMakeScratch/TryCompile-mp0jW6/src.cxx
Linking CXX executable cmTC_88409
/usr/bin/cmake -E cmake_link_script CMakeFiles/cmTC_88409.dir/link.txt --verbose=1
/usr/bin/c++ CMakeFiles/cmTC_88409.dir/src.cxx.o -o cmTC_88409 
/usr/bin/ld: CMakeFiles/cmTC_88409.dir/src.cxx.o: in function `main':
src.cxx:(.text+0x46): undefined reference to `pthread_create'
/usr/bin/ld: src.cxx:(.text+0x52): undefined reference to `pthread_detach'
/usr/bin/ld: src.cxx:(.text+0x5e): undefined reference to `pthread_cancel'
/usr/bin/ld: src.cxx:(.text+0x6f): undefined reference to `pthread_join'
collect2: error: ld returned 1 exit status
make[1]: *** [CMakeFiles/cmTC_88409.dir/build.make:99: cmTC_88409] Error 1
make[1]: Leaving directory '/home/med/100daysOfCodingChallenge/p62_parallelMinMax/build/CMakeFiles/CMakeScratch/TryCompile-mp0jW6'
make: *** [Makefile:127: cmTC_88409/fast] Error 2


Source file was:
#include <pthread.h>

static void* test_func(void* data)
{
  return data;
}

int main(void)
{
  pthread_t thread;
  pthread_create(&thread, NULL, test_func, NULL);
  pthread_detach(thread);
  pthread_cancel(thread);
  pthread_join(thread, NULL);
  pthread_atfork(NULL, NULL, NULL);
  pthread_exit(NULL);

  return 0;
}


