Performing C++ SOURCE FILE Test CMAKE_HAVE_LIBC_PTHREAD failed with the following output:
Change Dir: /home/med/100daysOfCodingChallenge/p90_base64/build/CMakeFiles/CMakeScratch/TryCompile-uZEaDZ

Run Build Command(s):/usr/bin/make -f Makefile cmTC_d120d/fast && /usr/bin/make  -f CMakeFiles/cmTC_d120d.dir/build.make CMakeFiles/cmTC_d120d.dir/build
make[1]: Entering directory '/home/med/100daysOfCodingChallenge/p90_base64/build/CMakeFiles/CMakeScratch/TryCompile-uZEaDZ'
Building CXX object CMakeFiles/cmTC_d120d.dir/src.cxx.o
/usr/bin/c++ -DCMAKE_HAVE_LIBC_PTHREAD   -o CMakeFiles/cmTC_d120d.dir/src.cxx.o -c /home/med/100daysOfCodingChallenge/p90_base64/build/CMakeFiles/CMakeScratch/TryCompile-uZEaDZ/src.cxx
Linking CXX executable cmTC_d120d
/usr/bin/cmake -E cmake_link_script CMakeFiles/cmTC_d120d.dir/link.txt --verbose=1
/usr/bin/c++ CMakeFiles/cmTC_d120d.dir/src.cxx.o -o cmTC_d120d 
/usr/bin/ld: CMakeFiles/cmTC_d120d.dir/src.cxx.o: in function `main':
src.cxx:(.text+0x46): undefined reference to `pthread_create'
/usr/bin/ld: src.cxx:(.text+0x52): undefined reference to `pthread_detach'
/usr/bin/ld: src.cxx:(.text+0x5e): undefined reference to `pthread_cancel'
/usr/bin/ld: src.cxx:(.text+0x6f): undefined reference to `pthread_join'
collect2: error: ld returned 1 exit status
make[1]: *** [CMakeFiles/cmTC_d120d.dir/build.make:99: cmTC_d120d] Error 1
make[1]: Leaving directory '/home/med/100daysOfCodingChallenge/p90_base64/build/CMakeFiles/CMakeScratch/TryCompile-uZEaDZ'
make: *** [Makefile:127: cmTC_d120d/fast] Error 2


Source file was:
#include <pthread.h>

static void* test_func(void* data)
{
  return data;
}

int main(void)
{
  pthread_t thread;
  pthread_create(&thread, NULL, test_func, NULL);
  pthread_detach(thread);
  pthread_cancel(thread);
  pthread_join(thread, NULL);
  pthread_atfork(NULL, NULL, NULL);
  pthread_exit(NULL);

  return 0;
}


Determining if the function pthread_create exists in the pthreads failed with the following output:
Change Dir: /home/med/100daysOfCodingChallenge/p90_base64/build/CMakeFiles/CMakeScratch/TryCompile-n37KnZ

Run Build Command(s):/usr/bin/make -f Makefile cmTC_24a23/fast && /usr/bin/make  -f CMakeFiles/cmTC_24a23.dir/build.make CMakeFiles/cmTC_24a23.dir/build
make[1]: Entering directory '/home/med/100daysOfCodingChallenge/p90_base64/build/CMakeFiles/CMakeScratch/TryCompile-n37KnZ'
Building CXX object CMakeFiles/cmTC_24a23.dir/CheckFunctionExists.cxx.o
/usr/bin/c++   -DCHECK_FUNCTION_EXISTS=pthread_create -o CMakeFiles/cmTC_24a23.dir/CheckFunctionExists.cxx.o -c /home/med/100daysOfCodingChallenge/p90_base64/build/CMakeFiles/CMakeScratch/TryCompile-n37KnZ/CheckFunctionExists.cxx
Linking CXX executable cmTC_24a23
/usr/bin/cmake -E cmake_link_script CMakeFiles/cmTC_24a23.dir/link.txt --verbose=1
/usr/bin/c++  -DCHECK_FUNCTION_EXISTS=pthread_create CMakeFiles/cmTC_24a23.dir/CheckFunctionExists.cxx.o -o cmTC_24a23  -lpthreads 
/usr/bin/ld: cannot find -lpthreads
collect2: error: ld returned 1 exit status
make[1]: *** [CMakeFiles/cmTC_24a23.dir/build.make:99: cmTC_24a23] Error 1
make[1]: Leaving directory '/home/med/100daysOfCodingChallenge/p90_base64/build/CMakeFiles/CMakeScratch/TryCompile-n37KnZ'
make: *** [Makefile:127: cmTC_24a23/fast] Error 2



